{
  "uid" : "26a282452db45668",
  "name" : "Case_001-登录失败",
  "fullName" : "testcase.TestKeywords.TestKeyword#test_run[run_case0]",
  "historyId" : "1b1458eb6c9578bbae1b78493d33e22c",
  "time" : {
    "start" : 1589114374144,
    "stop" : 1589114386310,
    "duration" : 12166
  },
  "status" : "failed",
  "statusMessage" : "AssertionError",
  "statusTrace" : "self = <testcase.TestKeywords.TestKeyword object at 0x00000185A67463A0>\nstart_appium_desired = <appium.webdriver.webdriver.WebDriver (session=\"eaa39386-c55e-425c-8c14-e69a7619d6ff\")>\nrun_case = {'CASE_ID': 'Case_001', 'TC_ID': 'TC_Login', '备注': '登录功能测试', '描述': '登录功能测试', ...}\n\n    @pytest.mark.parametrize(\"run_case\", run_list)\n    def test_run(self, start_appium_desired, run_case):\n        self.driver = start_appium_desired\n        self.driver.launch_app()\n        log.info(\"执行用例内容:{}\".format(run_case))\n>       Operate(self.driver).step(data, run_case)\n\ntestcase\\TestKeywords.py:44: \n_ _ _ _ _ _ _ _ _ _ _ _ _ _ _ _ _ _ _ _ _ _ _ _ _ _ _ _ _ _ _ _ _ _ _ _ _ _ _ _\nbase\\BaseAction.py:126: in get_err_screenshot\n    raise e\nbase\\BaseAction.py:120: in get_err_screenshot\n    func(self, *args, **kwargs)\ntestcase\\operate\\KeywordOperatePytest.py:153: in step\n    action_method(**param_value)\n_ _ _ _ _ _ _ _ _ _ _ _ _ _ _ _ _ _ _ _ _ _ _ _ _ _ _ _ _ _ _ _ _ _ _ _ _ _ _ _\n\nself = <base.BaseAction.Action object at 0x00000185A67B8C40>\nkwargs = {'by': 'xpath', 'expect': '密码错误', 'value': './/*[starts-with(@text,\"帐户\")]'}\ntoast_result = True\n\n    def assert_toast_result(self, **kwargs):\n        toast_result = self.is_toast_exist(**kwargs)\n        # assert toast_result\n>       assert toast_result == False\nE       AssertionError\n\nbase\\BaseAction.py:103: AssertionError",
  "flaky" : false,
  "beforeStages" : [ {
    "name" : "_Class__pytest_setup_class",
    "time" : {
      "start" : 1589114374142,
      "stop" : 1589114374142,
      "duration" : 0
    },
    "status" : "passed",
    "steps" : [ ],
    "attachments" : [ ],
    "parameters" : [ ],
    "attachmentsCount" : 0,
    "shouldDisplayMessage" : false,
    "hasContent" : false,
    "stepsCount" : 0
  }, {
    "name" : "start_appium_desired",
    "time" : {
      "start" : 1589114350138,
      "stop" : 1589114374142,
      "duration" : 24004
    },
    "status" : "passed",
    "steps" : [ ],
    "attachments" : [ ],
    "parameters" : [ ],
    "attachmentsCount" : 0,
    "shouldDisplayMessage" : false,
    "hasContent" : false,
    "stepsCount" : 0
  }, {
    "name" : "cmdopt",
    "time" : {
      "start" : 1589114350138,
      "stop" : 1589114350138,
      "duration" : 0
    },
    "status" : "passed",
    "steps" : [ ],
    "attachments" : [ ],
    "parameters" : [ ],
    "attachmentsCount" : 0,
    "shouldDisplayMessage" : false,
    "hasContent" : false,
    "stepsCount" : 0
  } ],
  "testStage" : {
    "status" : "failed",
    "statusMessage" : "AssertionError",
    "statusTrace" : "self = <testcase.TestKeywords.TestKeyword object at 0x00000185A67463A0>\nstart_appium_desired = <appium.webdriver.webdriver.WebDriver (session=\"eaa39386-c55e-425c-8c14-e69a7619d6ff\")>\nrun_case = {'CASE_ID': 'Case_001', 'TC_ID': 'TC_Login', '备注': '登录功能测试', '描述': '登录功能测试', ...}\n\n    @pytest.mark.parametrize(\"run_case\", run_list)\n    def test_run(self, start_appium_desired, run_case):\n        self.driver = start_appium_desired\n        self.driver.launch_app()\n        log.info(\"执行用例内容:{}\".format(run_case))\n>       Operate(self.driver).step(data, run_case)\n\ntestcase\\TestKeywords.py:44: \n_ _ _ _ _ _ _ _ _ _ _ _ _ _ _ _ _ _ _ _ _ _ _ _ _ _ _ _ _ _ _ _ _ _ _ _ _ _ _ _\nbase\\BaseAction.py:126: in get_err_screenshot\n    raise e\nbase\\BaseAction.py:120: in get_err_screenshot\n    func(self, *args, **kwargs)\ntestcase\\operate\\KeywordOperatePytest.py:153: in step\n    action_method(**param_value)\n_ _ _ _ _ _ _ _ _ _ _ _ _ _ _ _ _ _ _ _ _ _ _ _ _ _ _ _ _ _ _ _ _ _ _ _ _ _ _ _\n\nself = <base.BaseAction.Action object at 0x00000185A67B8C40>\nkwargs = {'by': 'xpath', 'expect': '密码错误', 'value': './/*[starts-with(@text,\"帐户\")]'}\ntoast_result = True\n\n    def assert_toast_result(self, **kwargs):\n        toast_result = self.is_toast_exist(**kwargs)\n        # assert toast_result\n>       assert toast_result == False\nE       AssertionError\n\nbase\\BaseAction.py:103: AssertionError",
    "steps" : [ {
      "name" : "点击允许",
      "time" : {
        "start" : 1589114376677,
        "stop" : 1589114377878,
        "duration" : 1201
      },
      "status" : "passed",
      "steps" : [ ],
      "attachments" : [ ],
      "parameters" : [ ],
      "attachmentsCount" : 0,
      "shouldDisplayMessage" : false,
      "hasContent" : false,
      "stepsCount" : 0
    }, {
      "name" : "点击我的",
      "time" : {
        "start" : 1589114377880,
        "stop" : 1589114379180,
        "duration" : 1300
      },
      "status" : "passed",
      "steps" : [ ],
      "attachments" : [ ],
      "parameters" : [ ],
      "attachmentsCount" : 0,
      "shouldDisplayMessage" : false,
      "hasContent" : false,
      "stepsCount" : 0
    }, {
      "name" : "切换密码登录",
      "time" : {
        "start" : 1589114379182,
        "stop" : 1589114380983,
        "duration" : 1801
      },
      "status" : "passed",
      "steps" : [ ],
      "attachments" : [ ],
      "parameters" : [ ],
      "attachmentsCount" : 0,
      "shouldDisplayMessage" : false,
      "hasContent" : false,
      "stepsCount" : 0
    }, {
      "name" : "输入用户名",
      "time" : {
        "start" : 1589114380984,
        "stop" : 1589114382645,
        "duration" : 1661
      },
      "status" : "passed",
      "steps" : [ ],
      "attachments" : [ ],
      "parameters" : [ ],
      "attachmentsCount" : 0,
      "shouldDisplayMessage" : false,
      "hasContent" : false,
      "stepsCount" : 0
    }, {
      "name" : "输入密码",
      "time" : {
        "start" : 1589114382646,
        "stop" : 1589114383727,
        "duration" : 1081
      },
      "status" : "passed",
      "steps" : [ ],
      "attachments" : [ ],
      "parameters" : [ ],
      "attachmentsCount" : 0,
      "shouldDisplayMessage" : false,
      "hasContent" : false,
      "stepsCount" : 0
    }, {
      "name" : "点击登录",
      "time" : {
        "start" : 1589114383729,
        "stop" : 1589114384301,
        "duration" : 572
      },
      "status" : "passed",
      "steps" : [ ],
      "attachments" : [ ],
      "parameters" : [ ],
      "attachmentsCount" : 0,
      "shouldDisplayMessage" : false,
      "hasContent" : false,
      "stepsCount" : 0
    }, {
      "name" : "结果验证",
      "time" : {
        "start" : 1589114384302,
        "stop" : 1589114385042,
        "duration" : 740
      },
      "status" : "failed",
      "statusMessage" : "AssertionError\n",
      "statusTrace" : "  File \"C:\\Users\\cjj\\PycharmProjects\\Appium_AutoTest\\testcase\\operate\\KeywordOperatePytest.py\", line 153, in step\n    action_method(**param_value)\n  File \"C:\\Users\\cjj\\PycharmProjects\\Appium_AutoTest\\base\\BaseAction.py\", line 103, in assert_toast_result\n    assert toast_result == False\n",
      "steps" : [ ],
      "attachments" : [ ],
      "parameters" : [ ],
      "attachmentsCount" : 0,
      "shouldDisplayMessage" : true,
      "hasContent" : true,
      "stepsCount" : 0
    } ],
    "attachments" : [ {
      "uid" : "1dde25452d1398e2",
      "name" : "2020-05-10 20:39:46",
      "source" : "1dde25452d1398e2.png",
      "type" : "image/png",
      "size" : 196048
    }, {
      "uid" : "6e9f6b2ba4eff65",
      "name" : "log",
      "source" : "6e9f6b2ba4eff65.txt",
      "type" : "text/plain",
      "size" : 4532
    } ],
    "parameters" : [ ],
    "attachmentsCount" : 2,
    "shouldDisplayMessage" : true,
    "hasContent" : true,
    "stepsCount" : 7
  },
  "afterStages" : [ {
    "name" : "_Class__pytest_setup_class::0",
    "time" : {
      "start" : 1589114386803,
      "stop" : 1589114386804,
      "duration" : 1
    },
    "status" : "broken",
    "statusMessage" : "AttributeError: type object 'TestKeyword' has no attribute 'driver'\n",
    "statusTrace" : "  File \"C:\\Users\\cjj\\AppData\\Local\\Programs\\Python\\Python38\\lib\\site-packages\\allure_commons\\_allure.py\", line 169, in __call__\n    return self._fixture_function(*args, **kwargs)\n  File \"C:\\Users\\cjj\\AppData\\Local\\Programs\\Python\\Python38\\lib\\site-packages\\_pytest\\fixtures.py\", line 802, in _teardown_yield_fixture\n    next(it)\n  File \"C:\\Users\\cjj\\AppData\\Local\\Programs\\Python\\Python38\\lib\\site-packages\\_pytest\\python.py\", line 765, in xunit_setup_class_fixture\n    _call_with_optional_argument(func, self.obj)\n  File \"C:\\Users\\cjj\\AppData\\Local\\Programs\\Python\\Python38\\lib\\site-packages\\_pytest\\python.py\", line 702, in _call_with_optional_argument\n    func(arg)\n  File \"C:\\Users\\cjj\\PycharmProjects\\Appium_AutoTest\\testcase\\TestKeywords.py\", line 50, in teardown_class\n    self.driver.quit()\n",
    "steps" : [ ],
    "attachments" : [ ],
    "parameters" : [ ],
    "attachmentsCount" : 0,
    "shouldDisplayMessage" : true,
    "hasContent" : true,
    "stepsCount" : 0
  } ],
  "labels" : [ {
    "name" : "feature",
    "value" : "登录功能测试"
  }, {
    "name" : "story",
    "value" : "登录功能测试"
  }, {
    "name" : "parentSuite",
    "value" : "testcase"
  }, {
    "name" : "suite",
    "value" : "TestKeywords"
  }, {
    "name" : "subSuite",
    "value" : "TestKeyword"
  }, {
    "name" : "host",
    "value" : "DESKTOP-0LL74L3"
  }, {
    "name" : "thread",
    "value" : "17488-MainThread"
  }, {
    "name" : "framework",
    "value" : "pytest"
  }, {
    "name" : "language",
    "value" : "cpython3"
  }, {
    "name" : "package",
    "value" : "testcase.TestKeywords"
  }, {
    "name" : "resultFormat",
    "value" : "allure2"
  } ],
  "parameters" : [ {
    "name" : "run_case",
    "value" : "{'TC_ID': 'TC_Login', 'CASE_ID': 'Case_001', '是否运行': 'y', '用例名称': '登录失败', '测试数据': 'username=13718418220,password=123456', '期望结果': '密码错误', '备注': '登录功能测试', '描述': '登录功能测试'}"
  } ],
  "links" : [ ],
  "hidden" : true,
  "retry" : true,
  "extra" : {
    "categories" : [ ],
    "tags" : [ ]
  },
  "source" : "26a282452db45668.json",
  "parameterValues" : [ "{'TC_ID': 'TC_Login', 'CASE_ID': 'Case_001', '是否运行': 'y', '用例名称': '登录失败', '测试数据': 'username=13718418220,password=123456', '期望结果': '密码错误', '备注': '登录功能测试', '描述': '登录功能测试'}" ]
}