{"name": "Case_001-登录失败", "status": "failed", "statusDetails": {"message": "AssertionError", "trace": "self = <testcase.TestKeywords.TestKeyword object at 0x000002A034C0A9D0>\nstart_appium_desired = <appium.webdriver.webdriver.WebDriver (session=\"dd9573f1-9bf7-4145-8a0b-0e7e753860fa\")>\nrun_case = {'CASE_ID': 'Case_001', 'TC_ID': 'TC_Login', '备注': '登录功能测试', '描述': '登录功能测试', ...}\n\n    @pytest.mark.parametrize(\"run_case\", run_list)\n    def test_run(self, start_appium_desired, run_case):\n        self.driver = start_appium_desired\n        self.driver.launch_app()\n        log.info(\"执行用例内容:{}\".format(run_case))\n>       Operate(self.driver).step(data, run_case)\n\ntestcase\\TestKeywords.py:44: \n_ _ _ _ _ _ _ _ _ _ _ _ _ _ _ _ _ _ _ _ _ _ _ _ _ _ _ _ _ _ _ _ _ _ _ _ _ _ _ _\nbase\\BaseAction.py:126: in get_err_screenshot\n    raise e\nbase\\BaseAction.py:120: in get_err_screenshot\n    func(self, *args, **kwargs)\ntestcase\\operate\\KeywordOperatePytest.py:153: in step\n    action_method(**param_value)\n_ _ _ _ _ _ _ _ _ _ _ _ _ _ _ _ _ _ _ _ _ _ _ _ _ _ _ _ _ _ _ _ _ _ _ _ _ _ _ _\n\nself = <base.BaseAction.Action object at 0x000002A034CEE6A0>\nkwargs = {'by': 'xpath', 'expect': '密码错误', 'value': './/*[starts-with(@text,\"帐户\")]'}\ntoast_result = True\n\n    def assert_toast_result(self, **kwargs):\n        toast_result = self.is_toast_exist(**kwargs)\n        # assert toast_result\n>       assert toast_result == False\nE       AssertionError\n\nbase\\BaseAction.py:103: AssertionError"}, "steps": [{"name": "点击暂不需要", "status": "passed", "start": 1589161122694, "stop": 1589161123077}, {"name": "点击我的", "status": "passed", "start": 1589161123080, "stop": 1589161125002}, {"name": "切换密码登录", "status": "passed", "start": 1589161125004, "stop": 1589161126263}, {"name": "输入用户名", "status": "passed", "start": 1589161126264, "stop": 1589161127918}, {"name": "输入密码", "status": "passed", "start": 1589161127920, "stop": 1589161128983}, {"name": "点击登录", "status": "passed", "start": 1589161128987, "stop": 1589161130190}, {"name": "结果验证", "status": "failed", "statusDetails": {"message": "AssertionError\n", "trace": "  File \"C:\\Users\\cjj\\PycharmProjects\\Appium_AutoTest\\testcase\\operate\\KeywordOperatePytest.py\", line 153, in step\n    action_method(**param_value)\n  File \"C:\\Users\\cjj\\PycharmProjects\\Appium_AutoTest\\base\\BaseAction.py\", line 103, in assert_toast_result\n    assert toast_result == False\n"}, "start": 1589161130191, "stop": 1589161130270}], "attachments": [{"name": "2020-05-11 09:38:51", "source": "0a7ed572-ca76-4d82-9271-25c67022fbbf-attachment.png", "type": "image/png"}, {"name": "log", "source": "3cc26e10-532e-4f8d-8b55-aa9794a449fc-attachment.txt", "type": "text/plain"}], "parameters": [{"name": "run_case", "value": "{'TC_ID': 'TC_Login', 'CASE_ID': 'Case_001', '是否运行': 'y', '用例名称': '登录失败', '测试数据': 'username=13718418220,password=123456', '期望结果': '密码错误', '备注': '登录功能测试', '描述': '登录功能测试'}"}], "start": 1589161119857, "stop": 1589161131145, "uuid": "c1e1e0b8-a150-4e4f-bed4-d72996dfc4f2", "historyId": "1b1458eb6c9578bbae1b78493d33e22c", "fullName": "testcase.TestKeywords.TestKeyword#test_run[run_case0]", "labels": [{"name": "feature", "value": "登录功能测试"}, {"name": "story", "value": "登录功能测试"}, {"name": "parentSuite", "value": "testcase"}, {"name": "suite", "value": "TestKeywords"}, {"name": "subSuite", "value": "TestKeyword"}, {"name": "host", "value": "DESKTOP-0LL74L3"}, {"name": "thread", "value": "14172-MainThread"}, {"name": "framework", "value": "pytest"}, {"name": "language", "value": "cpython3"}, {"name": "package", "value": "testcase.TestKeywords"}]}