{"name": "Case_002-登录成功", "status": "failed", "statusDetails": {"message": "AssertionError", "trace": "self = <testcase.TestKeywords.TestKeyword object at 0x0000025612D704F0>\nstart_appium_desired = <appium.webdriver.webdriver.WebDriver (session=\"a4e7703b-e157-4d03-8e8f-0ad3e646e916\")>\nrun_case = {'CASE_ID': 'Case_002', 'TC_ID': 'TC_Login', '备注': '登录功能测试', '描述': '登录功能测试', ...}\n\n    @pytest.mark.parametrize(\"run_case\", run_list)\n    def test_run(self, start_appium_desired, run_case):\n        self.driver = start_appium_desired\n        self.driver.launch_app()\n        log.info(\"执行用例内容:{}\".format(run_case))\n>       Operate(self.driver).step(data, run_case)\n\ntestcase\\TestKeywords.py:44: \n_ _ _ _ _ _ _ _ _ _ _ _ _ _ _ _ _ _ _ _ _ _ _ _ _ _ _ _ _ _ _ _ _ _ _ _ _ _ _ _\nbase\\BaseAction.py:126: in get_err_screenshot\n    raise e\nbase\\BaseAction.py:120: in get_err_screenshot\n    func(self, *args, **kwargs)\ntestcase\\operate\\KeywordOperatePytest.py:153: in step\n    action_method(**param_value)\n_ _ _ _ _ _ _ _ _ _ _ _ _ _ _ _ _ _ _ _ _ _ _ _ _ _ _ _ _ _ _ _ _ _ _ _ _ _ _ _\n\nself = <base.BaseAction.Action object at 0x00000256135EC6A0>\nkwargs = {'by': 'xpath', 'expect': '成功', 'value': './/*[starts-with(@text,\"帐户\")]'}\ntoast_result = True\n\n    def assert_toast_result(self, **kwargs):\n        toast_result = self.is_toast_exist(**kwargs)\n        # assert toast_result\n>       assert toast_result == False\nE       AssertionError\n\nbase\\BaseAction.py:103: AssertionError"}, "steps": [{"name": "点击暂不需要", "status": "passed", "start": 1589161417657, "stop": 1589161418509}, {"name": "点击我的", "status": "passed", "start": 1589161418513, "stop": 1589161420627}, {"name": "切换密码登录", "status": "passed", "start": 1589161420629, "stop": 1589161422579}, {"name": "输入用户名", "status": "passed", "start": 1589161422582, "stop": 1589161423166}, {"name": "输入密码", "status": "passed", "start": 1589161423167, "stop": 1589161424336}, {"name": "点击登录", "status": "passed", "start": 1589161424337, "stop": 1589161424886}, {"name": "结果验证", "status": "failed", "statusDetails": {"message": "AssertionError\n", "trace": "  File \"C:\\Users\\cjj\\PycharmProjects\\Appium_AutoTest\\testcase\\operate\\KeywordOperatePytest.py\", line 153, in step\n    action_method(**param_value)\n  File \"C:\\Users\\cjj\\PycharmProjects\\Appium_AutoTest\\base\\BaseAction.py\", line 103, in assert_toast_result\n    assert toast_result == False\n"}, "start": 1589161424887, "stop": 1589161427736}], "attachments": [{"name": "2020-05-11 09:43:49", "source": "c391f4e0-4377-4309-b1c3-f02b4541ff76-attachment.png", "type": "image/png"}, {"name": "log", "source": "6cbb9fd2-05f4-4557-98e5-bc61f7e0d1db-attachment.txt", "type": "text/plain"}], "parameters": [{"name": "run_case", "value": "{'TC_ID': 'TC_Login', 'CASE_ID': 'Case_002', '是否运行': 'y', '用例名称': '登录成功', '测试数据': 'username=15797890689,password=1240055602CAI', '期望结果': '成功', '备注': '登录功能测试', '描述': '登录功能测试'}"}], "start": 1589161413384, "stop": 1589161429026, "uuid": "01d030ef-9501-400e-ba8e-506a803808ed", "historyId": "8d5dfeb10adbb2d95195a9139c95dbbf", "fullName": "testcase.TestKeywords.TestKeyword#test_run[run_case1]", "labels": [{"name": "feature", "value": "登录功能测试"}, {"name": "story", "value": "登录功能测试"}, {"name": "parentSuite", "value": "testcase"}, {"name": "suite", "value": "TestKeywords"}, {"name": "subSuite", "value": "TestKeyword"}, {"name": "host", "value": "DESKTOP-0LL74L3"}, {"name": "thread", "value": "11040-MainThread"}, {"name": "framework", "value": "pytest"}, {"name": "language", "value": "cpython3"}, {"name": "package", "value": "testcase.TestKeywords"}]}