{"name": "Case_001-登录失败", "status": "failed", "statusDetails": {"message": "AssertionError", "trace": "self = <testcase.TestKeywords.TestKeyword object at 0x0000011E383F5430>\nstart_appium_desired = <appium.webdriver.webdriver.WebDriver (session=\"d924130c-0565-436c-ba59-263a328be9bc\")>\nrun_case = {'CASE_ID': 'Case_001', 'TC_ID': 'TC_Login', '备注': '登录功能测试', '描述': '登录功能测试', ...}\n\n    @pytest.mark.parametrize(\"run_case\", run_list)\n    def test_run(self, start_appium_desired, run_case):\n        self.driver = start_appium_desired\n        self.driver.launch_app()\n        log.info(\"执行用例内容:{}\".format(run_case))\n>       Operate(self.driver).step(data, run_case)\n\ntestcase\\TestKeywords.py:44: \n_ _ _ _ _ _ _ _ _ _ _ _ _ _ _ _ _ _ _ _ _ _ _ _ _ _ _ _ _ _ _ _ _ _ _ _ _ _ _ _\nbase\\BaseAction.py:126: in get_err_screenshot\n    raise e\nbase\\BaseAction.py:120: in get_err_screenshot\n    func(self, *args, **kwargs)\ntestcase\\operate\\KeywordOperatePytest.py:153: in step\n    action_method(**param_value)\n_ _ _ _ _ _ _ _ _ _ _ _ _ _ _ _ _ _ _ _ _ _ _ _ _ _ _ _ _ _ _ _ _ _ _ _ _ _ _ _\n\nself = <base.BaseAction.Action object at 0x0000011E38C67CD0>\nkwargs = {'by': 'xpath', 'expect': '密码错误', 'value': './/*[starts-with(@text,\"帐户\")]'}\ntoast_result = True\n\n    def assert_toast_result(self, **kwargs):\n        toast_result = self.is_toast_exist(**kwargs)\n        # assert toast_result\n>       assert toast_result == False\nE       AssertionError\n\nbase\\BaseAction.py:103: AssertionError"}, "steps": [{"name": "点击允许", "status": "passed", "start": 1589114307832, "stop": 1589114308972}, {"name": "点击我的", "status": "passed", "start": 1589114308974, "stop": 1589114310745}, {"name": "切换密码登录", "status": "passed", "start": 1589114310746, "stop": 1589114312213}, {"name": "输入用户名", "status": "passed", "start": 1589114312215, "stop": 1589114313876}, {"name": "输入密码", "status": "passed", "start": 1589114313877, "stop": 1589114314931}, {"name": "点击登录", "status": "passed", "start": 1589114314933, "stop": 1589114315466}, {"name": "结果验证", "status": "failed", "statusDetails": {"message": "AssertionError\n", "trace": "  File \"C:\\Users\\cjj\\PycharmProjects\\Appium_AutoTest\\testcase\\operate\\KeywordOperatePytest.py\", line 153, in step\n    action_method(**param_value)\n  File \"C:\\Users\\cjj\\PycharmProjects\\Appium_AutoTest\\base\\BaseAction.py\", line 103, in assert_toast_result\n    assert toast_result == False\n"}, "start": 1589114315468, "stop": 1589114316257}], "attachments": [{"name": "2020-05-10 20:38:37", "source": "93d625ba-b992-414e-b6d0-9f52095f2753-attachment.png", "type": "image/png"}, {"name": "log", "source": "786ede16-b69c-4b09-82d4-1d9728625211-attachment.txt", "type": "text/plain"}], "parameters": [{"name": "run_case", "value": "{'TC_ID': 'TC_Login', 'CASE_ID': 'Case_001', '是否运行': 'y', '用例名称': '登录失败', '测试数据': 'username=13718418220,password=123456', '期望结果': '密码错误', '备注': '登录功能测试', '描述': '登录功能测试'}"}], "start": 1589114304927, "stop": 1589114317288, "uuid": "5d36b1e7-0452-409f-a75f-257d1853dc93", "historyId": "1b1458eb6c9578bbae1b78493d33e22c", "fullName": "testcase.TestKeywords.TestKeyword#test_run[run_case0]", "labels": [{"name": "feature", "value": "登录功能测试"}, {"name": "story", "value": "登录功能测试"}, {"name": "parentSuite", "value": "testcase"}, {"name": "suite", "value": "TestKeywords"}, {"name": "subSuite", "value": "TestKeyword"}, {"name": "host", "value": "DESKTOP-0LL74L3"}, {"name": "thread", "value": "7832-MainThread"}, {"name": "framework", "value": "pytest"}, {"name": "language", "value": "cpython3"}, {"name": "package", "value": "testcase.TestKeywords"}]}